\BOOKMARK [1][-]{section.1}{\376\377\145\271\154\325\377\010\000M\000e\000t\000h\000o\000d\377\011}{}% 1
\BOOKMARK [2][-]{subsection.1.1}{\376\377\145\271\154\325\151\202\217\360\116\016\124\175\124\015}{section.1}% 2
\BOOKMARK [2][-]{subsection.1.2}{\376\377\225\356\230\230\133\232\116\111\116\016\173\046\123\367\176\246\133\232}{section.1}% 3
\BOOKMARK [2][-]{subsection.1.3}{\376\377\145\164\117\123\147\266\147\204}{section.1}% 4
\BOOKMARK [2][-]{subsection.1.4}{\376\377\121\163\225\056\160\271\160\355\122\233\126\376\230\204\155\113\116\016\116\073\116\373\122\241\166\321\167\143}{section.1}% 5
\BOOKMARK [3][-]{subsubsection.1.4.1}{\376\377\121\163\225\056\160\271\211\343\170\001}{subsection.1.4}% 6
\BOOKMARK [3][-]{subsubsection.1.4.2}{\376\377\116\073\116\373\122\241\143\137\131\061}{subsection.1.4}% 7
\BOOKMARK [2][-]{subsection.1.5}{\376\377\121\340\117\125\155\076\165\037\377\032\116\316\121\163\225\056\160\271\122\060\116\055\137\303\176\277\377\010\165\050\116\216\000S\000R\000E\000G\116\016\000L\000O\000D\000A\000-\000C\000o\000n\000v\176\246\147\137\377\011}{section.1}% 8
\BOOKMARK [3][-]{subsubsection.1.5.1}{\376\377\151\016\117\123\116\055\137\303\160\271\136\217\122\027}{subsection.1.5}% 9
\BOOKMARK [3][-]{subsubsection.1.5.2}{\376\377\122\007\124\021\116\016\154\325\124\021\124\021\221\317}{subsection.1.5}% 10
\BOOKMARK [3][-]{subsubsection.1.5.3}{\376\377\145\340\221\317\176\262\137\142\162\266\153\324\377\010\133\275\232\330\153\324\377\011}{subsection.1.5}% 11
\BOOKMARK [2][-]{subsection.1.6}{\376\377\000S\000R\000E\000G\377\032\134\072\136\246\145\340\121\163\166\370\133\371\200\375\221\317\225\350\143\247\377\010\000S\000c\000a\000l\000e\000-\000f\000r\000e\000e\000\040\000R\000e\000l\000a\000t\000i\000v\000e\000\040\000E\000n\000e\000r\000g\000y\000\040\000G\000a\000t\000i\000n\000g\377\011}{section.1}% 12
\BOOKMARK [3][-]{subsubsection.1.6.1}{\376\377\145\340\221\317\176\262\134\100\220\350\217\154\211\322\200\375\221\317\377\010\000S\000c\000a\000l\000e\000-\000f\000r\000e\000e\000\040\000L\000o\000c\000a\000l\000\040\000T\000u\000r\000n\000i\000n\000g\000\040\000E\000n\000e\000r\000g\000y\377\011}{subsection.1.6}% 13
\BOOKMARK [3][-]{subsubsection.1.6.2}{\376\377\155\367\124\010\234\201\150\322\134\072\136\246\137\122\116\000\377\010\000M\000A\000D\000\040\000+\000\040\000M\000e\000d\000i\000a\000n\377\011\116\016\123\357\133\146\116\140\156\051\136\246}{subsection.1.6}% 14
\BOOKMARK [3][-]{subsubsection.1.6.3}{\376\377\225\350\143\247\165\050\116\216\217\336\176\355\140\047\153\143\122\031\166\204\201\352\220\002\136\224\122\240\147\103\377\010\000A\000d\000a\000p\000t\000i\000v\000e\000\040\000R\000e\000g\000u\000l\000a\000r\000i\000z\000a\000t\000i\000o\000n\000\040\000W\000e\000i\000g\000h\000t\000i\000n\000g\377\011}{subsection.1.6}% 15
\BOOKMARK [2][-]{subsection.1.7}{\376\377\000L\000O\000D\000A\000-\000C\000o\000n\000v\377\032\163\257\215\357\145\340\121\163\166\204\153\143\116\244\145\143\136\003\176\246\147\137\123\357\123\330\137\142\123\167\171\357}{section.1}% 16
\BOOKMARK [3][-]{subsubsection.1.7.1}{\376\377\123\357\123\330\137\142\123\167\171\357\137\142\137\017}{subsection.1.7}% 17
\BOOKMARK [3][-]{subsubsection.1.7.2}{\376\377\211\343\200\046\120\117\171\373\230\204\155\113\377\010\220\177\121\115\121\340\117\125\000-\213\355\116\111\122\115\124\021\200\046\124\010\116\016\225\355\163\257\213\357\135\356\377\011}{subsection.1.7}% 18
\BOOKMARK [3][-]{subsubsection.1.7.3}{\376\377\153\143\116\244\145\143\136\003\176\246\147\137\377\010\000O\000r\000t\000h\000o\000g\000o\000n\000a\000l\000\040\000D\000i\000s\000p\000e\000r\000s\000i\000o\000n\000\040\000C\000o\000n\000s\000t\000r\000a\000i\000n\000t\377\011\377\032\116\305\176\246\147\137\154\325\124\021\211\206\166\326\377\014\117\335\165\131\122\007\124\021\201\352\165\061\136\246}{subsection.1.7}% 19
\BOOKMARK [3][-]{subsubsection.1.7.4}{\376\377\137\061\226\062\157\002\171\373\153\143\122\031}{subsection.1.7}% 20
\BOOKMARK [2][-]{subsection.1.8}{\376\377\140\073\166\356\150\007\121\375\145\160}{section.1}% 21
\BOOKMARK [2][-]{subsection.1.9}{\376\377\213\255\176\303\173\126\165\145\377\010\172\063\133\232\140\047\117\030\121\110\377\011}{section.1}% 22
\BOOKMARK [2][-]{subsection.1.10}{\376\377\143\250\164\006\226\066\153\265}{section.1}% 23
\BOOKMARK [2][-]{subsection.1.11}{\376\377\136\372\213\256\166\204\121\163\225\056\155\210\207\215\377\010\165\050\116\216\164\006\213\272\232\214\213\301\116\016\123\357\131\015\163\260\133\236\232\214\377\011}{section.1}% 24
\BOOKMARK [1][-]{section.2}{\376\377\173\227\133\120\176\247\232\214\213\301\116\016\121\340\117\125\133\371\237\120\122\006\147\220}{}% 25
\BOOKMARK [2][-]{subsection.2.1}{\376\377\213\304\117\060\143\007\150\007\133\232\116\111}{section.2}% 26
\BOOKMARK [2][-]{subsection.2.2}{\376\377\176\337\213\241\176\323\147\234\116\016\133\371\153\324\122\006\147\220}{section.2}% 27
\BOOKMARK [2][-]{subsection.2.3}{\376\377\133\236\232\214\176\323\213\272\116\016\213\250\213\272}{section.2}% 28
